NNP NNP	2442
. <s>  	2425
DT NN  	2314
NN IN  	1914
IN DT  	1894
JJ NN  	1616
DT JJ  	1021
NN NN  	976
IN NNP 	965
NNP ,  	959
NN .   	914
JJ NNS 	906
NNS IN 	884
NN ,   	855
TO VB  	753
IN NN  	639
DT NNP 	633
NN NNS 	597
IN JJ  	587
<s> DT 	525

           NN         NNP        IN         DT         JJ         NNS        ,          <s>        .          RB        
NN         -2.995559  -6.622515  -2.023921  -7.019405  -6.903928  -3.704709  -3.186515  -Inf       -3.090246  -5.736471 
NNP        -4.255339  -1.354638  -4.360558  -8.286558  -6.801131  -5.654290  -2.703099  -Inf       -4.229107  -6.853598 
IN         -3.232276  -2.637563  -5.810482  -1.664728  -3.354732  -3.893737  -9.551949  -Inf       -8.744594  -6.176909 
DT         -1.094998  -2.965110  -6.438281  -8.811740  -2.275404  -3.663841  -9.686209  -Inf       -9.271171  -6.949243 
JJ         -1.172304  -4.732483  -4.116270  -7.743052  -3.991311  -2.007148  -5.144015  -Inf       -5.338662  -8.245553 
NNS        -5.560159  -10.241983 -2.039043  -6.212236  -5.920055  -6.657021  -3.095627  -Inf       -2.908082  -5.227033 
,          -4.263825  -2.701181  -3.853541  -2.900728  -4.351881  -5.534473  -Inf       -Inf       -Inf       -4.273348 
<s>        -5.074439  -2.469577  -2.977577  -2.208190  -5.135839  -4.801420  -Inf       -Inf       -Inf       -4.349546 
.          -Inf       -Inf       -Inf       -Inf       -Inf       -Inf       -Inf       0.000000   -Inf       -Inf      
RB         -5.930737  -7.252665  -2.992138  -4.030273  -3.436748  -7.378196  -3.524745  -Inf       -4.345775  -3.793234 

           #          $          ''         (          )          ,          .          :          CC         CD         DT         EX         FW         IN         JJ         JJR        JJS        LS         MD         NN         NNP        NNPS       NNS        PDT        POS        PRP        PRP$       RB         RBR        RBS        RP         SYM        TO         UH         VB         VBD        VBG        VBN        VBP        VBZ        WDT        WP         WP$        WRB        ``        
,          -Inf       -Inf       -Inf       -Inf       -Inf       -0.000494  -Inf       -Inf       -Inf       -Inf       -Inf       -Inf       -Inf       -Inf       -Inf       -Inf       -Inf       -Inf       -Inf       -Inf       -Inf       -Inf       -Inf       -Inf       -Inf       -Inf       -Inf       -Inf       -Inf       -Inf       -Inf       -Inf       -Inf       -Inf       -Inf       -Inf       -Inf       -Inf       -Inf       -Inf       -Inf       -Inf       -Inf       -Inf       -Inf      
the        -Inf       -Inf       -Inf       -Inf       -Inf       -Inf       -Inf       -Inf       -Inf       -10.696098 -0.805605  -Inf       -Inf       -Inf       -9.508587  -Inf       -Inf       -Inf       -Inf       -Inf       -11.023523 -Inf       -Inf       -Inf       -Inf       -Inf       -Inf       -Inf       -Inf       -Inf       -Inf       -Inf       -Inf       -Inf       -Inf       -Inf       -Inf       -Inf       -Inf       -Inf       -Inf       -Inf       -Inf       -Inf       -Inf      
.          -Inf       -Inf       -Inf       -Inf       -Inf       -Inf       -0.014349  -Inf       -Inf       -Inf       -Inf       -Inf       -Inf       -Inf       -Inf       -Inf       -Inf       -Inf       -Inf       -Inf       -Inf       -Inf       -Inf       -Inf       -Inf       -Inf       -Inf       -Inf       -Inf       -Inf       -Inf       -Inf       -Inf       -Inf       -Inf       -Inf       -Inf       -Inf       -Inf       -Inf       -Inf       -Inf       -Inf       -Inf       -Inf      
of         -Inf       -Inf       -Inf       -Inf       -Inf       -Inf       -Inf       -Inf       -Inf       -Inf       -Inf       -Inf       -Inf       -2.127782  -Inf       -Inf       -Inf       -Inf       -Inf       -Inf       -Inf       -Inf       -Inf       -Inf       -Inf       -Inf       -Inf       -Inf       -Inf       -Inf       -Inf       -Inf       -Inf       -Inf       -Inf       -Inf       -Inf       -Inf       -Inf       -Inf       -Inf       -Inf       -Inf       -Inf       -Inf      
to         -Inf       -Inf       -Inf       -Inf       -Inf       -Inf       -Inf       -Inf       -Inf       -Inf       -Inf       -Inf       -Inf       -11.551949 -11.830515 -Inf       -Inf       -Inf       -Inf       -Inf       -Inf       -Inf       -Inf       -Inf       -Inf       -Inf       -Inf       -Inf       -Inf       -Inf       -Inf       -Inf       0.000000   -Inf       -Inf       -Inf       -Inf       -Inf       -Inf       -Inf       -Inf       -Inf       -Inf       -Inf       -Inf      
a          -Inf       -Inf       -Inf       -Inf       -Inf       -Inf       -Inf       -Inf       -Inf       -Inf       -2.031573  -Inf       -Inf       -12.551949 -10.830515 -Inf       -Inf       -3.321928  -Inf       -Inf       -11.608486 -Inf       -Inf       -Inf       -Inf       -Inf       -Inf       -Inf       -Inf       -Inf       -Inf       -Inf       -Inf       -Inf       -Inf       -Inf       -Inf       -Inf       -Inf       -Inf       -Inf       -Inf       -Inf       -Inf       -Inf      
in         -Inf       -Inf       -Inf       -Inf       -Inf       -Inf       -Inf       -Inf       -Inf       -Inf       -Inf       -Inf       -Inf       -2.498023  -Inf       -Inf       -Inf       -Inf       -Inf       -12.926296 -11.608486 -Inf       -Inf       -Inf       -Inf       -Inf       -Inf       -8.837628  -Inf       -Inf       -4.146841  -Inf       -Inf       -Inf       -Inf       -Inf       -Inf       -Inf       -Inf       -Inf       -Inf       -Inf       -Inf       -Inf       -Inf      
and        -Inf       -Inf       -Inf       -Inf       -Inf       -Inf       -Inf       -Inf       -0.504846  -Inf       -Inf       -Inf       -Inf       -12.551949 -10.245553 -Inf       -Inf       -Inf       -Inf       -11.926296 -Inf       -Inf       -Inf       -Inf       -Inf       -Inf       -Inf       -Inf       -Inf       -Inf       -Inf       -Inf       -Inf       -Inf       -Inf       -Inf       -Inf       -Inf       -Inf       -Inf       -Inf       -Inf       -Inf       -Inf       -Inf      
for        -Inf       -Inf       -Inf       -Inf       -Inf       -Inf       -Inf       -Inf       -Inf       -Inf       -Inf       -Inf       -Inf       -3.374529  -Inf       -Inf       -Inf       -Inf       -Inf       -Inf       -Inf       -Inf       -Inf       -Inf       -Inf       -Inf       -Inf       -10.837628 -Inf       -Inf       -6.954196  -Inf       -Inf       -Inf       -Inf       -Inf       -Inf       -Inf       -Inf       -Inf       -Inf       -Inf       -Inf       -Inf       -Inf      
's         -Inf       -Inf       -Inf       -Inf       -Inf       -Inf       -Inf       -Inf       -Inf       -Inf       -Inf       -Inf       -Inf       -Inf       -Inf       -Inf       -Inf       -Inf       -Inf       -Inf       -Inf       -6.820179  -10.241983 -Inf       -0.150731  -Inf       -Inf       -Inf       -Inf       -Inf       -Inf       -Inf       -Inf       -Inf       -Inf       -Inf       -Inf       -Inf       -Inf       -3.798899  -Inf       -Inf       -Inf       -Inf       -Inf      
that       -Inf       -Inf       -Inf       -Inf       -Inf       -Inf       -Inf       -Inf       -Inf       -Inf       -6.081347  -Inf       -Inf       -4.299283  -Inf       -Inf       -Inf       -Inf       -Inf       -Inf       -Inf       -Inf       -Inf       -Inf       -Inf       -Inf       -Inf       -8.837628  -Inf       -Inf       -Inf       -Inf       -Inf       -Inf       -Inf       -Inf       -Inf       -Inf       -Inf       -Inf       -0.808952  -6.562242  -Inf       -Inf       -Inf      
is         -Inf       -Inf       -Inf       -Inf       -Inf       -Inf       -Inf       -Inf       -Inf       -Inf       -Inf       -Inf       -Inf       -Inf       -Inf       -Inf       -Inf       -Inf       -Inf       -Inf       -Inf       -Inf       -Inf       -Inf       -Inf       -Inf       -Inf       -Inf       -Inf       -Inf       -Inf       -Inf       -Inf       -Inf       -Inf       -Inf       -Inf       -Inf       -Inf       -1.911374  -Inf       -Inf       -Inf       -Inf       -Inf      
''         -Inf       -Inf       -0.017877  -Inf       -Inf       -Inf       -Inf       -Inf       -Inf       -Inf       -Inf       -Inf       -Inf       -Inf       -Inf       -Inf       -Inf       -Inf       -Inf       -Inf       -Inf       -Inf       -Inf       -Inf       -Inf       -Inf       -Inf       -Inf       -Inf       -Inf       -Inf       -Inf       -Inf       -Inf       -Inf       -Inf       -Inf       -Inf       -Inf       -Inf       -Inf       -Inf       -Inf       -Inf       -Inf      
``         -Inf       -Inf       -Inf       -Inf       -Inf       -Inf       -Inf       -Inf       -Inf       -Inf       -Inf       -Inf       -Inf       -Inf       -Inf       -Inf       -Inf       -Inf       -Inf       -Inf       -Inf       -Inf       -Inf       -Inf       -Inf       -Inf       -Inf       -Inf       -Inf       -Inf       -Inf       -Inf       -Inf       -Inf       -Inf       -Inf       -Inf       -Inf       -Inf       -Inf       -Inf       -Inf       -Inf       -Inf       -0.017877 
it         -Inf       -Inf       -Inf       -Inf       -Inf       -Inf       -Inf       -Inf       -Inf       -Inf       -Inf       -Inf       -Inf       -Inf       -Inf       -Inf       -Inf       -Inf       -Inf       -Inf       -Inf       -Inf       -Inf       -Inf       -Inf       -1.728362  -Inf       -Inf       -Inf       -Inf       -Inf       -Inf       -Inf       -Inf       -Inf       -Inf       -Inf       -Inf       -Inf       -Inf       -Inf       -Inf       -Inf       -Inf       -Inf      
$          -Inf       -0.017278  -Inf       -Inf       -Inf       -Inf       -Inf       -Inf       -Inf       -Inf       -Inf       -Inf       -Inf       -Inf       -Inf       -Inf       -Inf       -Inf       -Inf       -Inf       -Inf       -Inf       -Inf       -Inf       -Inf       -Inf       -Inf       -Inf       -Inf       -Inf       -Inf       -Inf       -Inf       -Inf       -Inf       -Inf       -Inf       -Inf       -Inf       -Inf       -Inf       -Inf       -Inf       -Inf       -Inf      
on         -Inf       -Inf       -Inf       -Inf       -Inf       -Inf       -Inf       -Inf       -Inf       -Inf       -Inf       -Inf       -Inf       -4.230020  -Inf       -Inf       -Inf       -Inf       -Inf       -Inf       -12.608486 -Inf       -Inf       -Inf       -Inf       -Inf       -Inf       -9.837628  -Inf       -Inf       -4.369234  -Inf       -Inf       -Inf       -Inf       -Inf       -Inf       -Inf       -Inf       -Inf       -Inf       -Inf       -Inf       -Inf       -Inf      
said       -Inf       -Inf       -Inf       -Inf       -Inf       -Inf       -Inf       -Inf       -Inf       -Inf       -Inf       -Inf       -Inf       -Inf       -Inf       -Inf       -Inf       -Inf       -Inf       -Inf       -Inf       -Inf       -Inf       -Inf       -Inf       -Inf       -Inf       -Inf       -Inf       -Inf       -Inf       -Inf       -Inf       -Inf       -Inf       -2.429102  -Inf       -9.296916  -Inf       -Inf       -Inf       -Inf       -Inf       -Inf       -Inf      
at         -Inf       -Inf       -Inf       -Inf       -Inf       -Inf       -Inf       -Inf       -Inf       -Inf       -Inf       -Inf       -Inf       -4.480486  -Inf       -Inf       -Inf       -Inf       -Inf       -Inf       -Inf       -Inf       -Inf       -Inf       -Inf       -Inf       -Inf       -Inf       -Inf       -Inf       -Inf       -Inf       -Inf       -Inf       -Inf       -Inf       -Inf       -Inf       -Inf       -Inf       -Inf       -Inf       -Inf       -Inf       -Inf      
by         -Inf       -Inf       -Inf       -Inf       -Inf       -Inf       -Inf       -Inf       -Inf       -Inf       -Inf       -Inf       -Inf       -4.496666  -Inf       -Inf       -Inf       -Inf       -Inf       -Inf       -Inf       -Inf       -Inf       -Inf       -Inf       -Inf       -Inf       -10.837628 -Inf       -Inf       -5.954196  -Inf       -Inf       -Inf       -Inf       -Inf       -Inf       -Inf       -Inf       -Inf       -Inf       -Inf       -Inf       -Inf       -Inf      
